Connecting to database specified by database.yml
  [1m[36m (0.1ms)[0m  [1mselect sqlite_version(*)[0m
  [1m[35m (16.6ms)[0m  CREATE TABLE "schema_migrations" ("version" varchar(255) NOT NULL) 
  [1m[36m (13.5ms)[0m  [1mCREATE UNIQUE INDEX "unique_schema_migrations" ON "schema_migrations" ("version")[0m
  [1m[35m (0.9ms)[0m  SELECT "schema_migrations"."version" FROM "schema_migrations" 
Migrating to CreateMovies (20111119180638)
  [1m[36m (0.0ms)[0m  [1mbegin transaction[0m
  [1m[35m (0.4ms)[0m  CREATE TABLE "movies" ("id" INTEGER PRIMARY KEY AUTOINCREMENT NOT NULL, "title" varchar(255), "rating" varchar(255), "description" text, "release_date" datetime, "created_at" datetime NOT NULL, "updated_at" datetime NOT NULL) 
  [1m[36m (0.1ms)[0m  [1mINSERT INTO "schema_migrations" ("version") VALUES ('20111119180638')[0m
  [1m[35m (19.4ms)[0m  commit transaction
  [1m[36m (0.1ms)[0m  [1mSELECT "schema_migrations"."version" FROM "schema_migrations" [0m
Connecting to database specified by database.yml
  [1m[36m (0.6ms)[0m  [1mSELECT "schema_migrations"."version" FROM "schema_migrations" [0m
  [1m[35m (0.1ms)[0m  begin transaction
  [1m[36mSQL (2.0ms)[0m  [1mINSERT INTO "movies" ("created_at", "description", "rating", "release_date", "title", "updated_at") VALUES (?, ?, ?, ?, ?, ?)[0m  [["created_at", Mon, 13 Apr 2015 05:45:39 UTC +00:00], ["description", nil], ["rating", "G"], ["release_date", Wed, 25 Nov 1992 00:00:00 UTC +00:00], ["title", "Aladdin"], ["updated_at", Mon, 13 Apr 2015 05:45:39 UTC +00:00]]
  [1m[35m (17.6ms)[0m  commit transaction
  [1m[36m (0.1ms)[0m  [1mbegin transaction[0m
  [1m[35mSQL (0.5ms)[0m  INSERT INTO "movies" ("created_at", "description", "rating", "release_date", "title", "updated_at") VALUES (?, ?, ?, ?, ?, ?)  [["created_at", Mon, 13 Apr 2015 05:45:39 UTC +00:00], ["description", nil], ["rating", "R"], ["release_date", Fri, 26 Oct 1984 00:00:00 UTC +00:00], ["title", "The Terminator"], ["updated_at", Mon, 13 Apr 2015 05:45:39 UTC +00:00]]
  [1m[36m (12.5ms)[0m  [1mcommit transaction[0m
  [1m[35m (0.1ms)[0m  begin transaction
  [1m[36mSQL (0.4ms)[0m  [1mINSERT INTO "movies" ("created_at", "description", "rating", "release_date", "title", "updated_at") VALUES (?, ?, ?, ?, ?, ?)[0m  [["created_at", Mon, 13 Apr 2015 05:45:39 UTC +00:00], ["description", nil], ["rating", "R"], ["release_date", Fri, 21 Jul 1989 00:00:00 UTC +00:00], ["title", "When Harry Met Sally"], ["updated_at", Mon, 13 Apr 2015 05:45:39 UTC +00:00]]
  [1m[35m (19.1ms)[0m  commit transaction
  [1m[36m (0.1ms)[0m  [1mbegin transaction[0m
  [1m[35mSQL (0.3ms)[0m  INSERT INTO "movies" ("created_at", "description", "rating", "release_date", "title", "updated_at") VALUES (?, ?, ?, ?, ?, ?)  [["created_at", Mon, 13 Apr 2015 05:45:39 UTC +00:00], ["description", nil], ["rating", "PG-13"], ["release_date", Wed, 10 Aug 2011 00:00:00 UTC +00:00], ["title", "The Help"], ["updated_at", Mon, 13 Apr 2015 05:45:39 UTC +00:00]]
  [1m[36m (15.1ms)[0m  [1mcommit transaction[0m
  [1m[35m (0.1ms)[0m  begin transaction
  [1m[36mSQL (0.3ms)[0m  [1mINSERT INTO "movies" ("created_at", "description", "rating", "release_date", "title", "updated_at") VALUES (?, ?, ?, ?, ?, ?)[0m  [["created_at", Mon, 13 Apr 2015 05:45:39 UTC +00:00], ["description", nil], ["rating", "PG-13"], ["release_date", Fri, 05 Jan 2001 00:00:00 UTC +00:00], ["title", "Chocolat"], ["updated_at", Mon, 13 Apr 2015 05:45:39 UTC +00:00]]
  [1m[35m (13.5ms)[0m  commit transaction
  [1m[36m (0.1ms)[0m  [1mbegin transaction[0m
  [1m[35mSQL (0.3ms)[0m  INSERT INTO "movies" ("created_at", "description", "rating", "release_date", "title", "updated_at") VALUES (?, ?, ?, ?, ?, ?)  [["created_at", Mon, 13 Apr 2015 05:45:39 UTC +00:00], ["description", nil], ["rating", "R"], ["release_date", Wed, 25 Apr 2001 00:00:00 UTC +00:00], ["title", "Amelie"], ["updated_at", Mon, 13 Apr 2015 05:45:39 UTC +00:00]]
  [1m[36m (19.4ms)[0m  [1mcommit transaction[0m
  [1m[35m (0.1ms)[0m  begin transaction
  [1m[36mSQL (0.3ms)[0m  [1mINSERT INTO "movies" ("created_at", "description", "rating", "release_date", "title", "updated_at") VALUES (?, ?, ?, ?, ?, ?)[0m  [["created_at", Mon, 13 Apr 2015 05:45:39 UTC +00:00], ["description", nil], ["rating", "G"], ["release_date", Sat, 06 Apr 1968 00:00:00 UTC +00:00], ["title", "2001: A Space Odyssey"], ["updated_at", Mon, 13 Apr 2015 05:45:39 UTC +00:00]]
  [1m[35m (12.8ms)[0m  commit transaction
  [1m[36m (0.0ms)[0m  [1mbegin transaction[0m
  [1m[35mSQL (0.2ms)[0m  INSERT INTO "movies" ("created_at", "description", "rating", "release_date", "title", "updated_at") VALUES (?, ?, ?, ?, ?, ?)  [["created_at", Mon, 13 Apr 2015 05:45:39 UTC +00:00], ["description", nil], ["rating", "PG"], ["release_date", Fri, 05 Nov 2004 00:00:00 UTC +00:00], ["title", "The Incredibles"], ["updated_at", Mon, 13 Apr 2015 05:45:39 UTC +00:00]]
  [1m[36m (16.7ms)[0m  [1mcommit transaction[0m
  [1m[35m (0.1ms)[0m  begin transaction
  [1m[36mSQL (0.3ms)[0m  [1mINSERT INTO "movies" ("created_at", "description", "rating", "release_date", "title", "updated_at") VALUES (?, ?, ?, ?, ?, ?)[0m  [["created_at", Mon, 13 Apr 2015 05:45:39 UTC +00:00], ["description", nil], ["rating", "PG"], ["release_date", Fri, 12 Jun 1981 00:00:00 UTC +00:00], ["title", "Raiders of the Lost Ark"], ["updated_at", Mon, 13 Apr 2015 05:45:39 UTC +00:00]]
  [1m[35m (19.4ms)[0m  commit transaction
  [1m[36m (0.1ms)[0m  [1mbegin transaction[0m
  [1m[35mSQL (0.4ms)[0m  INSERT INTO "movies" ("created_at", "description", "rating", "release_date", "title", "updated_at") VALUES (?, ?, ?, ?, ?, ?)  [["created_at", Mon, 13 Apr 2015 05:45:39 UTC +00:00], ["description", nil], ["rating", "G"], ["release_date", Wed, 21 Jun 2000 00:00:00 UTC +00:00], ["title", "Chicken Run"], ["updated_at", Mon, 13 Apr 2015 05:45:39 UTC +00:00]]
  [1m[36m (16.0ms)[0m  [1mcommit transaction[0m


Started GET "/assets/rails.png" for 127.0.0.1 at 2015-04-13 01:46:13 -0400
Connecting to database specified by database.yml
Served asset /rails.png - 200 OK (4ms)


Started GET "/movies" for 127.0.0.1 at 2015-04-13 23:24:42 -0400
Connecting to database specified by database.yml
Processing by MoviesController#index as HTML
  [1m[36mMovie Load (0.1ms)[0m  [1mSELECT "movies".* FROM "movies" [0m
  Rendered movies/index.html.haml within layouts/application (29.6ms)
Compiled application.css  (0ms)  (pid 22506)
Compiled jquery.js  (1ms)  (pid 22506)
Compiled jquery_ujs.js  (0ms)  (pid 22506)
Compiled application.js  (10ms)  (pid 22506)
Completed 200 OK in 103.6ms (Views: 90.3ms | ActiveRecord: 0.8ms)


Started GET "/assets/application.css?body=1" for 127.0.0.1 at 2015-04-13 23:24:42 -0400
Served asset /application.css - 200 OK (3ms)


Started GET "/assets/jquery.js?body=1" for 127.0.0.1 at 2015-04-13 23:24:42 -0400
Served asset /jquery.js - 200 OK (3ms)


Started GET "/assets/jquery_ujs.js?body=1" for 127.0.0.1 at 2015-04-13 23:24:42 -0400
Served asset /jquery_ujs.js - 200 OK (3ms)


Started GET "/assets/application.js?body=1" for 127.0.0.1 at 2015-04-13 23:24:42 -0400
Served asset /application.js - 200 OK (34ms)


Started GET "/movies?sort=asc" for 127.0.0.1 at 2015-04-13 23:24:45 -0400
Processing by MoviesController#index as HTML
  Parameters: {"sort"=>"asc"}
  [1m[35mMovie Load (0.5ms)[0m  SELECT "movies".* FROM "movies" ORDER BY title
  Rendered movies/index.html.haml within layouts/application (6.1ms)
Completed 200 OK in 13.0ms (Views: 10.4ms | ActiveRecord: 0.5ms)


Started GET "/movies?sort=asc" for 127.0.0.1 at 2015-04-13 23:24:47 -0400
Processing by MoviesController#index as HTML
  Parameters: {"sort"=>"asc"}
  [1m[36mMovie Load (0.4ms)[0m  [1mSELECT "movies".* FROM "movies" ORDER BY title[0m
  Rendered movies/index.html.haml within layouts/application (3.9ms)
Completed 200 OK in 9.1ms (Views: 7.4ms | ActiveRecord: 0.4ms)


Started GET "/movies?sort=asc" for 127.0.0.1 at 2015-04-13 23:24:50 -0400
Processing by MoviesController#index as HTML
  Parameters: {"sort"=>"asc"}
  [1m[35mMovie Load (0.4ms)[0m  SELECT "movies".* FROM "movies" ORDER BY title
  Rendered movies/index.html.haml within layouts/application (6.1ms)
Completed 200 OK in 13.6ms (Views: 11.1ms | ActiveRecord: 0.4ms)


Started GET "/movies?sort=asc" for 127.0.0.1 at 2015-04-13 23:24:52 -0400
Processing by MoviesController#index as HTML
  Parameters: {"sort"=>"asc"}
  [1m[36mMovie Load (0.6ms)[0m  [1mSELECT "movies".* FROM "movies" ORDER BY title[0m
  Rendered movies/index.html.haml within layouts/application (6.0ms)
Completed 200 OK in 13.4ms (Views: 10.5ms | ActiveRecord: 0.6ms)


Started GET "/movies?sort=asc" for 127.0.0.1 at 2015-04-13 23:24:59 -0400
Processing by MoviesController#index as HTML
  Parameters: {"sort"=>"asc"}
  [1m[35mMovie Load (0.4ms)[0m  SELECT "movies".* FROM "movies" ORDER BY title
  Rendered movies/index.html.haml within layouts/application (5.2ms)
Completed 200 OK in 12.2ms (Views: 9.8ms | ActiveRecord: 0.4ms)


Started GET "/movies?sort=asc" for 127.0.0.1 at 2015-04-13 23:25:43 -0400
Processing by MoviesController#index as HTML
  Parameters: {"sort"=>"asc"}
  [1m[36mMovie Load (0.4ms)[0m  [1mSELECT "movies".* FROM "movies" ORDER BY title[0m
  Rendered movies/index.html.haml within layouts/application (5.5ms)
Completed 200 OK in 12.1ms (Views: 10.0ms | ActiveRecord: 0.4ms)


Started GET "/movies?sort=asc" for 127.0.0.1 at 2015-04-13 23:25:49 -0400
Processing by MoviesController#index as HTML
  Parameters: {"sort"=>"asc"}
  [1m[35mMovie Load (0.3ms)[0m  SELECT "movies".* FROM "movies" ORDER BY title
  Rendered movies/index.html.haml within layouts/application (3.5ms)
Completed 200 OK in 9.1ms (Views: 7.1ms | ActiveRecord: 0.3ms)


Started GET "/movies?sort=asc" for 127.0.0.1 at 2015-04-13 23:25:51 -0400
Processing by MoviesController#index as HTML
  Parameters: {"sort"=>"asc"}
  [1m[36mMovie Load (0.4ms)[0m  [1mSELECT "movies".* FROM "movies" ORDER BY title[0m
  Rendered movies/index.html.haml within layouts/application (4.6ms)
Completed 200 OK in 10.1ms (Views: 8.0ms | ActiveRecord: 0.4ms)


Started GET "/movies?sort=asc" for 127.0.0.1 at 2015-04-13 23:26:17 -0400
Processing by MoviesController#index as HTML
  Parameters: {"sort"=>"asc"}
  [1m[35mMovie Load (0.5ms)[0m  SELECT "movies".* FROM "movies" ORDER BY title
  Rendered movies/index.html.haml within layouts/application (6.7ms)
Completed 200 OK in 12.9ms (Views: 10.4ms | ActiveRecord: 0.5ms)


Started GET "/assets/jquery.js?body=1" for 127.0.0.1 at 2015-04-13 23:26:17 -0400
Served asset /jquery.js - 304 Not Modified (9ms)


Started GET "/assets/application.css?body=1" for 127.0.0.1 at 2015-04-13 23:26:17 -0400
Served asset /application.css - 304 Not Modified (0ms)


Started GET "/assets/application.js?body=1" for 127.0.0.1 at 2015-04-13 23:26:17 -0400
Served asset /application.js - 304 Not Modified (1ms)


Started GET "/assets/jquery_ujs.js?body=1" for 127.0.0.1 at 2015-04-13 23:26:17 -0400
Served asset /jquery_ujs.js - 304 Not Modified (4ms)


Started GET "/movies?sort=asc" for 127.0.0.1 at 2015-04-13 23:27:31 -0400
Processing by MoviesController#index as HTML
  Parameters: {"sort"=>"asc"}
  [1m[36mMovie Load (0.6ms)[0m  [1mSELECT "movies".* FROM "movies" ORDER BY title[0m
  Rendered movies/index.html.haml within layouts/application (10.4ms)
Completed 200 OK in 18.2ms (Views: 15.2ms | ActiveRecord: 0.6ms)


Started GET "/assets/application.css?body=1" for 127.0.0.1 at 2015-04-13 23:27:31 -0400
Served asset /application.css - 304 Not Modified (3ms)


Started GET "/assets/jquery.js?body=1" for 127.0.0.1 at 2015-04-13 23:27:31 -0400
Served asset /jquery.js - 304 Not Modified (4ms)


Started GET "/assets/jquery_ujs.js?body=1" for 127.0.0.1 at 2015-04-13 23:27:31 -0400
Served asset /jquery_ujs.js - 304 Not Modified (0ms)


Started GET "/assets/application.js?body=1" for 127.0.0.1 at 2015-04-13 23:27:31 -0400
Served asset /application.js - 304 Not Modified (1ms)


Started GET "/movies?sort=asc" for 127.0.0.1 at 2015-04-13 23:27:33 -0400
Processing by MoviesController#index as HTML
  Parameters: {"sort"=>"asc"}
  [1m[35mMovie Load (0.5ms)[0m  SELECT "movies".* FROM "movies" ORDER BY title
  Rendered movies/index.html.haml within layouts/application (5.7ms)
Completed 200 OK in 13.3ms (Views: 10.3ms | ActiveRecord: 0.5ms)


Started GET "/assets/jquery.js?body=1" for 127.0.0.1 at 2015-04-13 23:27:33 -0400
Served asset /jquery.js - 304 Not Modified (5ms)


Started GET "/assets/application.css?body=1" for 127.0.0.1 at 2015-04-13 23:27:33 -0400
Served asset /application.css - 304 Not Modified (0ms)


Started GET "/assets/application.js?body=1" for 127.0.0.1 at 2015-04-13 23:27:33 -0400
Served asset /application.js - 304 Not Modified (1ms)


Started GET "/assets/jquery_ujs.js?body=1" for 127.0.0.1 at 2015-04-13 23:27:33 -0400
Served asset /jquery_ujs.js - 304 Not Modified (0ms)


Started GET "/movies?sort=asc" for 127.0.0.1 at 2015-04-13 23:27:40 -0400
Processing by MoviesController#index as HTML
  Parameters: {"sort"=>"asc"}
  [1m[36mMovie Load (0.4ms)[0m  [1mSELECT "movies".* FROM "movies" ORDER BY title[0m
  Rendered movies/index.html.haml within layouts/application (5.6ms)
Completed 200 OK in 13.1ms (Views: 10.7ms | ActiveRecord: 0.4ms)


Started GET "/assets/application.css?body=1" for 127.0.0.1 at 2015-04-13 23:27:40 -0400
Served asset /application.css - 200 OK (3ms)


Started GET "/assets/jquery.js?body=1" for 127.0.0.1 at 2015-04-13 23:27:40 -0400
Served asset /jquery.js - 200 OK (1ms)


Started GET "/assets/jquery_ujs.js?body=1" for 127.0.0.1 at 2015-04-13 23:27:40 -0400
Served asset /jquery_ujs.js - 200 OK (0ms)


Started GET "/assets/application.js?body=1" for 127.0.0.1 at 2015-04-13 23:27:40 -0400
Served asset /application.js - 200 OK (1ms)


Started GET "/movies?sort=asc" for 127.0.0.1 at 2015-04-13 23:27:42 -0400
Processing by MoviesController#index as HTML
  Parameters: {"sort"=>"asc"}
  [1m[35mMovie Load (0.5ms)[0m  SELECT "movies".* FROM "movies" ORDER BY title
  Rendered movies/index.html.haml within layouts/application (5.4ms)
Completed 200 OK in 13.5ms (Views: 10.6ms | ActiveRecord: 0.5ms)


Started GET "/movies?sort=asc" for 127.0.0.1 at 2015-04-13 23:27:46 -0400
Processing by MoviesController#index as HTML
  Parameters: {"sort"=>"asc"}
  [1m[36mMovie Load (0.5ms)[0m  [1mSELECT "movies".* FROM "movies" ORDER BY title[0m
  Rendered movies/index.html.haml within layouts/application (6.5ms)
Completed 200 OK in 14.4ms (Views: 12.0ms | ActiveRecord: 0.5ms)


Started GET "/movies?sort=asc" for 127.0.0.1 at 2015-04-13 23:27:47 -0400
Processing by MoviesController#index as HTML
  Parameters: {"sort"=>"asc"}
  [1m[35mMovie Load (0.6ms)[0m  SELECT "movies".* FROM "movies" ORDER BY title
  Rendered movies/index.html.haml within layouts/application (6.3ms)
Completed 200 OK in 13.8ms (Views: 11.0ms | ActiveRecord: 0.6ms)


Started GET "/movies?sort=asc" for 127.0.0.1 at 2015-04-13 23:27:48 -0400
Processing by MoviesController#index as HTML
  Parameters: {"sort"=>"asc"}
  [1m[36mMovie Load (0.4ms)[0m  [1mSELECT "movies".* FROM "movies" ORDER BY title[0m
  Rendered movies/index.html.haml within layouts/application (6.4ms)
Completed 200 OK in 13.3ms (Views: 11.2ms | ActiveRecord: 0.4ms)


Started GET "/movies?sort=asc" for 127.0.0.1 at 2015-04-13 23:27:49 -0400
Processing by MoviesController#index as HTML
  Parameters: {"sort"=>"asc"}
  [1m[35mMovie Load (0.6ms)[0m  SELECT "movies".* FROM "movies" ORDER BY title
  Rendered movies/index.html.haml within layouts/application (6.0ms)
Completed 200 OK in 13.2ms (Views: 10.6ms | ActiveRecord: 0.6ms)


Started GET "/movies?sort=asc" for 127.0.0.1 at 2015-04-13 23:27:54 -0400
Processing by MoviesController#index as HTML
  Parameters: {"sort"=>"asc"}
  [1m[36mMovie Load (0.4ms)[0m  [1mSELECT "movies".* FROM "movies" ORDER BY title[0m
  Rendered movies/index.html.haml within layouts/application (7.3ms)
Completed 200 OK in 14.0ms (Views: 12.1ms | ActiveRecord: 0.4ms)


Started GET "/movies?sort=asc" for 127.0.0.1 at 2015-04-13 23:28:02 -0400
Processing by MoviesController#index as HTML
  Parameters: {"sort"=>"asc"}
  [1m[35mMovie Load (0.6ms)[0m  SELECT "movies".* FROM "movies" ORDER BY title
  Rendered movies/index.html.haml within layouts/application (5.4ms)
Completed 200 OK in 13.1ms (Views: 10.4ms | ActiveRecord: 0.6ms)


Started GET "/movies?sort=asc" for 127.0.0.1 at 2015-04-13 23:28:25 -0400
Processing by MoviesController#index as HTML
  Parameters: {"sort"=>"asc"}
  [1m[36mMovie Load (0.6ms)[0m  [1mSELECT "movies".* FROM "movies" ORDER BY title[0m
  Rendered movies/index.html.haml within layouts/application (9.9ms)
Completed 200 OK in 18.5ms (Views: 15.3ms | ActiveRecord: 0.6ms)


Started GET "/assets/jquery_ujs.js?body=1" for 127.0.0.1 at 2015-04-13 23:28:25 -0400
Served asset /jquery_ujs.js - 200 OK (3ms)


Started GET "/assets/jquery.js?body=1" for 127.0.0.1 at 2015-04-13 23:28:25 -0400
Served asset /jquery.js - 200 OK (3ms)


Started GET "/assets/application.js?body=1" for 127.0.0.1 at 2015-04-13 23:28:25 -0400
Served asset /application.js - 200 OK (1ms)


Started GET "/assets/application.css?body=1" for 127.0.0.1 at 2015-04-13 23:28:25 -0400
Served asset /application.css - 200 OK (0ms)


Started GET "/movies?sort=asc" for 127.0.0.1 at 2015-04-13 23:28:27 -0400
Processing by MoviesController#index as HTML
  Parameters: {"sort"=>"asc"}
  [1m[35mMovie Load (0.5ms)[0m  SELECT "movies".* FROM "movies" ORDER BY title
  Rendered movies/index.html.haml within layouts/application (6.0ms)
Completed 200 OK in 13.6ms (Views: 10.9ms | ActiveRecord: 0.5ms)


Started GET "/movies?sort=asc" for 127.0.0.1 at 2015-04-13 23:28:29 -0400
Processing by MoviesController#index as HTML
  Parameters: {"sort"=>"asc"}
  [1m[36mMovie Load (0.5ms)[0m  [1mSELECT "movies".* FROM "movies" ORDER BY title[0m
  Rendered movies/index.html.haml within layouts/application (6.0ms)
Completed 200 OK in 13.0ms (Views: 10.4ms | ActiveRecord: 0.5ms)


Started GET "/movies?sort=asc" for 127.0.0.1 at 2015-04-13 23:50:39 -0400
Processing by MoviesController#index as HTML
  Parameters: {"sort"=>"asc"}
  [1m[35mMovie Load (0.2ms)[0m  SELECT "movies".* FROM "movies" 
  Rendered movies/index.html.haml within layouts/application (3.1ms)
Completed 200 OK in 44.5ms (Views: 35.4ms | ActiveRecord: 0.8ms)


Started GET "/assets/application.css?body=1" for 127.0.0.1 at 2015-04-13 23:50:39 -0400
Served asset /application.css - 304 Not Modified (0ms)


Started GET "/movies?sort=asc" for 127.0.0.1 at 2015-04-13 23:50:40 -0400
Processing by MoviesController#index as HTML
  Parameters: {"sort"=>"asc"}
  [1m[36mMovie Load (0.4ms)[0m  [1mSELECT "movies".* FROM "movies" [0m
  Rendered movies/index.html.haml within layouts/application (6.0ms)
Completed 200 OK in 12.4ms (Views: 10.3ms | ActiveRecord: 0.4ms)


Started GET "/assets/application.css?body=1" for 127.0.0.1 at 2015-04-13 23:50:40 -0400
Served asset /application.css - 304 Not Modified (0ms)


Started GET "/movies?sort=asc" for 127.0.0.1 at 2015-04-13 23:50:49 -0400
Processing by MoviesController#index as HTML
  Parameters: {"sort"=>"asc"}
  [1m[35mMovie Load (0.3ms)[0m  SELECT "movies".* FROM "movies" 
  Rendered movies/index.html.haml within layouts/application (4.5ms)
Completed 200 OK in 9.8ms (Views: 8.1ms | ActiveRecord: 0.3ms)


Started GET "/assets/application.css?body=1" for 127.0.0.1 at 2015-04-13 23:50:49 -0400
Served asset /application.css - 304 Not Modified (0ms)


Started GET "/movies?sort=asc" for 127.0.0.1 at 2015-04-13 23:50:50 -0400
Processing by MoviesController#index as HTML
  Parameters: {"sort"=>"asc"}
  [1m[36mMovie Load (0.2ms)[0m  [1mSELECT "movies".* FROM "movies" [0m
  Rendered movies/index.html.haml within layouts/application (2.5ms)
Completed 200 OK in 5.8ms (Views: 4.8ms | ActiveRecord: 0.2ms)


Started GET "/assets/application.css?body=1" for 127.0.0.1 at 2015-04-13 23:50:50 -0400
Served asset /application.css - 304 Not Modified (0ms)


Started GET "/movies?sort=asc" for 127.0.0.1 at 2015-04-13 23:50:52 -0400
Processing by MoviesController#index as HTML
  Parameters: {"sort"=>"asc"}
  [1m[35mMovie Load (0.5ms)[0m  SELECT "movies".* FROM "movies" 
  Rendered movies/index.html.haml within layouts/application (5.4ms)
Completed 200 OK in 12.9ms (Views: 10.3ms | ActiveRecord: 0.5ms)


Started GET "/assets/application.css?body=1" for 127.0.0.1 at 2015-04-13 23:50:52 -0400
Served asset /application.css - 304 Not Modified (0ms)


Started GET "/movies?sort=asc" for 127.0.0.1 at 2015-04-13 23:50:53 -0400
Processing by MoviesController#index as HTML
  Parameters: {"sort"=>"asc"}
  [1m[36mMovie Load (0.5ms)[0m  [1mSELECT "movies".* FROM "movies" [0m
  Rendered movies/index.html.haml within layouts/application (4.9ms)
Completed 200 OK in 11.0ms (Views: 9.1ms | ActiveRecord: 0.5ms)


Started GET "/assets/application.css?body=1" for 127.0.0.1 at 2015-04-13 23:50:53 -0400
Served asset /application.css - 304 Not Modified (0ms)


Started GET "/movies/new" for 127.0.0.1 at 2015-04-13 23:50:59 -0400
Processing by MoviesController#new as HTML
  Rendered movies/new.html.haml within layouts/application (13.2ms)
Completed 200 OK in 20.0ms (Views: 19.5ms | ActiveRecord: 0.0ms)


Started GET "/assets/application.css?body=1" for 127.0.0.1 at 2015-04-13 23:50:59 -0400
Served asset /application.css - 304 Not Modified (0ms)


Started GET "/movies?sort=asc" for 127.0.0.1 at 2015-04-13 23:51:07 -0400
Processing by MoviesController#index as HTML
  Parameters: {"sort"=>"asc"}
  [1m[35mMovie Load (0.3ms)[0m  SELECT "movies".* FROM "movies" 
  Rendered movies/index.html.haml within layouts/application (3.5ms)
Completed 200 OK in 8.6ms (Views: 6.7ms | ActiveRecord: 0.3ms)


Started GET "/assets/application.css?body=1" for 127.0.0.1 at 2015-04-13 23:51:07 -0400
Served asset /application.css - 304 Not Modified (0ms)
